Microsoft (R) Macro Assembler Version 6.11		    05/12/18 22:04:11
tempfile.asm						     Page 1 - 1


 0000				DATAS SEGMENT
				    ;此处输入数据段代码
 0000 0000			    m dw 0  
 0002				DATAS ENDS

 0000				STACKS SEGMENT
				    ;此处输入堆栈段代码
 0000				STACKS ENDS

 0000				CODES SEGMENT
				    ASSUME CS:CODES,DS:DATAS,SS:STACKS
 0000				START:
 0000  1E			    push ds
 0001  B8 0000			    mov ax,0
 0004  50			    push ax
				    
 0005  B0 1C			    mov al,1ch
 0007  B4 35			    mov ah,35h
 0009  CD 21			    int 21h
				    
 000B  06			    push es
 000C  53			    push bx
 000D  B8 ---- R		    mov ax,seg count
 0010  8E D8			    mov ds,ax
 0012  BA 0032 R		    mov dx,offset count
 0015  B0 1C			    mov al,1ch
 0017  B4 25			    mov ah,25h
 0019  CD 21			    int 21h
				    
 001B  B8 ---- R		    MOV AX,DATAS
 001E  8E D8			    MOV DS,AX
				    ;此处输入代码段代码
				    
 0020  CD 1C			    int 1ch
 0022  CD 1C			    int 1ch
 0024  CD 1C			    int 1ch
				    
 0026  5A			    pop dx
 0027  1F			    pop ds
 0028  B0 1C			    mov al,1ch
 002A  B4 25			    mov ah,25h
 002C  CD 21			    int 21h 
				    
 002E  B4 4C			    MOV AH,4CH
 0030  CD 21			    INT 21H
				    
 0032				count proc near
 0032  FF 06 0000 R		    inc m
 0036  CF			    iret
 0037				count endp
				    
				    
 0037				CODES ENDS
				    END START




Microsoft (R) Macro Assembler Version 6.11		    05/12/18 22:04:11
tempfile.asm						     Symbols 2 - 1




Segments and Groups:

                N a m e                 Size     Length   Align   Combine Class

CODES  . . . . . . . . . . . . .	16 Bit	 0037	  Para	  Private 
DATAS  . . . . . . . . . . . . .	16 Bit	 0002	  Para	  Private 
STACKS . . . . . . . . . . . . .	16 Bit	 0000	  Para	  Private 


Procedures,  parameters and locals:

                N a m e                 Type     Value    Attr

count  . . . . . . . . . . . . .	P Near	 0032	  CODES	Length= 0005 Public


Symbols:

                N a m e                 Type     Value    Attr

START  . . . . . . . . . . . . .	L Near	 0000	  CODES	
m  . . . . . . . . . . . . . . .	Word	 0000	  DATAS	

	   0 Warnings
	   0 Errors
